2023-04-18 20:48:59 INFO  Log:15 - ********************
2023-04-18 20:48:59 INFO  Log:16 - ********************
2023-04-18 20:48:59 INFO  Log:17 - *********This is the begining of my Test Case***********
2023-04-18 20:48:59 INFO  Log:30 - My test case is executing right now
2023-04-18 20:48:59 INFO  Log:34 - My test case might have some trivial issues
2023-04-18 20:49:06 INFO  Log:30 - This test case is about to get completed
2023-04-18 20:49:06 INFO  Log:23 - #######################################
2023-04-18 20:49:06 INFO  Log:24 - #######################################
2023-04-18 20:49:06 INFO  Log:25 - ################This test case is finished#######################
2023-04-18 22:43:01 INFO  Log:15 - ********************
2023-04-18 22:43:01 INFO  Log:16 - ********************
2023-04-18 22:43:01 INFO  Log:17 - *********This is the begining of my Test Case***********
2023-04-18 22:43:01 INFO  Log:30 - My test case is executing right now
2023-04-18 22:43:01 INFO  Log:34 - My test case might have some trivial issues
2023-04-18 22:43:04 INFO  Log:30 - This test case is about to get completed
2023-04-18 22:43:04 INFO  Log:23 - #######################################
2023-04-18 22:43:04 INFO  Log:24 - #######################################
2023-04-18 22:43:04 INFO  Log:25 - ################This test case is finished#######################
2023-04-18 23:20:15 INFO  Log:15 - ********************
2023-04-18 23:20:15 INFO  Log:16 - ********************
2023-04-18 23:20:15 INFO  Log:17 - *********This is the begining of my Test Case***********
2023-04-18 23:20:15 INFO  Log:30 - My test case is executing right now
2023-04-18 23:20:15 INFO  Log:34 - My test case might have some trivial issues
2023-04-18 23:20:19 INFO  Log:30 - This test case is about to get completed
2023-04-18 23:20:19 INFO  Log:23 - #######################################
2023-04-18 23:20:19 INFO  Log:24 - #######################################
2023-04-18 23:20:19 INFO  Log:25 - ################This test case is finished#######################
2023-05-14 23:34:02 INFO  Log:15 - ********************
2023-05-14 23:34:02 INFO  Log:16 - ********************
2023-05-14 23:34:02 INFO  Log:17 - *********This is the begining of my Test Case***********
2023-05-14 23:34:02 INFO  Log:30 - My test case is executing right now
2023-05-14 23:34:02 INFO  Log:34 - My test case might have some trivial issues
2023-05-14 23:34:07 INFO  Log:30 - This test case is about to get completed
2023-05-14 23:34:07 INFO  Log:23 - #######################################
2023-05-14 23:34:07 INFO  Log:24 - #######################################
2023-05-14 23:34:07 INFO  Log:25 - ################This test case is finished#######################
2023-05-14 23:34:13 INFO  Log:15 - ********************
2023-05-14 23:34:13 INFO  Log:16 - ********************
2023-05-14 23:34:13 INFO  Log:17 - *********This is the begining of my Test Case***********
2023-05-14 23:34:13 INFO  Log:30 - My test case is executing right now
2023-05-14 23:34:13 INFO  Log:34 - My test case might have some trivial issues
2023-05-14 23:34:18 INFO  Log:30 - This test case is about to get completed
2023-05-14 23:34:18 INFO  Log:23 - #######################################
2023-05-14 23:34:18 INFO  Log:24 - #######################################
2023-05-14 23:34:18 INFO  Log:25 - ################This test case is finished#######################
2023-05-14 23:46:33 INFO  Log:15 - ********************
2023-05-14 23:46:33 INFO  Log:16 - ********************
2023-05-14 23:46:33 INFO  Log:17 - *********This is the begining of my Test Case***********
2023-05-14 23:46:33 INFO  Log:30 - My test case is executing right now
2023-05-14 23:46:33 INFO  Log:34 - My test case might have some trivial issues
2023-05-14 23:46:38 INFO  Log:30 - This test case is about to get completed
2023-05-14 23:46:38 INFO  Log:23 - #######################################
2023-05-14 23:46:38 INFO  Log:24 - #######################################
2023-05-14 23:46:38 INFO  Log:25 - ################This test case is finished#######################
2023-05-14 23:46:44 INFO  Log:15 - ********************
2023-05-14 23:46:44 INFO  Log:16 - ********************
2023-05-14 23:46:44 INFO  Log:17 - *********This is the begining of my Test Case***********
2023-05-14 23:46:44 INFO  Log:30 - My test case is executing right now
2023-05-14 23:46:44 INFO  Log:34 - My test case might have some trivial issues
2023-05-14 23:46:48 INFO  Log:30 - This test case is about to get completed
2023-05-14 23:46:48 INFO  Log:23 - #######################################
2023-05-14 23:46:48 INFO  Log:24 - #######################################
2023-05-14 23:46:48 INFO  Log:25 - ################This test case is finished#######################
2023-05-15 01:33:19 INFO  Log:15 - ********************
2023-05-15 01:33:19 INFO  Log:16 - ********************
2023-05-15 01:33:19 INFO  Log:17 - *********This is the begining of my Test Case***********
2023-05-15 01:33:19 INFO  Log:30 - My test case is executing right now
2023-05-15 01:33:19 INFO  Log:34 - My test case might have some trivial issues
2023-05-15 01:33:24 INFO  Log:30 - This test case is about to get completed
2023-05-15 01:33:24 INFO  Log:23 - #######################################
2023-05-15 01:33:24 INFO  Log:24 - #######################################
2023-05-15 01:33:24 INFO  Log:25 - ################This test case is finished#######################
2023-05-15 01:33:29 INFO  Log:15 - ********************
2023-05-15 01:33:29 INFO  Log:16 - ********************
2023-05-15 01:33:29 INFO  Log:17 - *********This is the begining of my Test Case***********
2023-05-15 01:33:29 INFO  Log:30 - My test case is executing right now
2023-05-15 01:33:29 INFO  Log:34 - My test case might have some trivial issues
2023-05-15 01:33:33 INFO  Log:30 - This test case is about to get completed
2023-05-15 01:33:33 INFO  Log:23 - #######################################
2023-05-15 01:33:33 INFO  Log:24 - #######################################
2023-05-15 01:33:33 INFO  Log:25 - ################This test case is finished#######################
2023-05-15 01:37:14 INFO  Log:15 - ********************
2023-05-15 01:37:14 INFO  Log:16 - ********************
2023-05-15 01:37:14 INFO  Log:17 - *********This is the begining of my Test Case***********
2023-05-15 01:37:14 INFO  Log:30 - My test case is executing right now
2023-05-15 01:37:14 INFO  Log:34 - My test case might have some trivial issues
2023-05-15 01:37:19 INFO  Log:30 - This test case is about to get completed
2023-05-15 01:37:19 INFO  Log:23 - #######################################
2023-05-15 01:37:19 INFO  Log:24 - #######################################
2023-05-15 01:37:19 INFO  Log:25 - ################This test case is finished#######################
2023-05-15 01:37:24 INFO  Log:15 - ********************
2023-05-15 01:37:24 INFO  Log:16 - ********************
2023-05-15 01:37:24 INFO  Log:17 - *********This is the begining of my Test Case***********
2023-05-15 01:37:24 INFO  Log:30 - My test case is executing right now
2023-05-15 01:37:24 INFO  Log:34 - My test case might have some trivial issues
2023-05-15 01:37:28 INFO  Log:30 - This test case is about to get completed
2023-05-15 01:37:28 INFO  Log:23 - #######################################
2023-05-15 01:37:28 INFO  Log:24 - #######################################
2023-05-15 01:37:28 INFO  Log:25 - ################This test case is finished#######################
2023-05-15 01:42:45 INFO  Log:15 - ********************
2023-05-15 01:42:45 INFO  Log:16 - ********************
2023-05-15 01:42:45 INFO  Log:17 - *********This is the begining of my Test Case***********
2023-05-15 01:42:45 INFO  Log:30 - My test case is executing right now
2023-05-15 01:42:45 INFO  Log:34 - My test case might have some trivial issues
2023-05-15 01:42:50 INFO  Log:30 - This test case is about to get completed
2023-05-15 01:42:50 INFO  Log:23 - #######################################
2023-05-15 01:42:50 INFO  Log:24 - #######################################
2023-05-15 01:42:50 INFO  Log:25 - ################This test case is finished#######################
2023-05-15 01:42:55 INFO  Log:15 - ********************
2023-05-15 01:42:55 INFO  Log:16 - ********************
2023-05-15 01:42:55 INFO  Log:17 - *********This is the begining of my Test Case***********
2023-05-15 01:42:55 INFO  Log:30 - My test case is executing right now
2023-05-15 01:42:55 INFO  Log:34 - My test case might have some trivial issues
2023-05-15 01:42:59 INFO  Log:30 - This test case is about to get completed
2023-05-15 01:42:59 INFO  Log:23 - #######################################
2023-05-15 01:42:59 INFO  Log:24 - #######################################
2023-05-15 01:42:59 INFO  Log:25 - ################This test case is finished#######################
2023-05-31 15:18:50 INFO  Log:15 - ********************
2023-05-31 15:18:50 INFO  Log:16 - ********************
2023-05-31 15:18:50 INFO  Log:17 - *********This is the begining of my Test Case***********
2023-05-31 15:18:50 INFO  Log:30 - My test case is executing right now
2023-05-31 15:18:50 INFO  Log:34 - My test case might have some trivial issues
2023-05-31 15:18:59 INFO  Log:30 - This test case is about to get completed
2023-05-31 15:18:59 INFO  Log:23 - #######################################
2023-05-31 15:18:59 INFO  Log:24 - #######################################
2023-05-31 15:18:59 INFO  Log:25 - ################This test case is finished#######################
2023-05-31 15:19:08 INFO  Log:15 - ********************
2023-05-31 15:19:08 INFO  Log:16 - ********************
2023-05-31 15:19:08 INFO  Log:17 - *********This is the begining of my Test Case***********
2023-05-31 15:19:08 INFO  Log:30 - My test case is executing right now
2023-05-31 15:19:08 INFO  Log:34 - My test case might have some trivial issues
2023-05-31 15:19:14 INFO  Log:30 - This test case is about to get completed
2023-05-31 15:19:14 INFO  Log:23 - #######################################
2023-05-31 15:19:14 INFO  Log:24 - #######################################
2023-05-31 15:19:14 INFO  Log:25 - ################This test case is finished#######################
